\BOOKMARK [0][-]{dummy.1}{\376\377\000C\000e\000r\000t\000i\000f\000i\000c\000a\000t\000e}{}% 1
\BOOKMARK [0][-]{dummy.2}{\376\377\000A\000b\000s\000t\000r\000a\000c\000t}{}% 2
\BOOKMARK [0][-]{dummy.3}{\376\377\000A\000c\000k\000n\000o\000w\000l\000e\000d\000g\000e\000m\000e\000n\000t\000s}{}% 3
\BOOKMARK [0][-]{dummy.4}{\376\377\000C\000o\000n\000t\000e\000n\000t\000s}{}% 4
\BOOKMARK [0][-]{dummy.6}{\376\377\000L\000i\000s\000t\000\040\000o\000f\000\040\000F\000i\000g\000u\000r\000e\000s}{}% 5
\BOOKMARK [0][-]{dummy.8}{\376\377\000L\000i\000s\000t\000\040\000o\000f\000\040\000T\000a\000b\000l\000e\000s}{}% 6
\BOOKMARK [0][-]{dummy.10}{\376\377\000L\000i\000s\000t\000\040\000O\000f\000\040\000A\000b\000b\000r\000e\000v\000i\000a\000t\000i\000o\000n\000s}{}% 7
\BOOKMARK [0][-]{chapter.13}{\376\377\0001\000\040\000I\000n\000t\000r\000o\000d\000u\000c\000t\000i\000o\000n}{}% 8
\BOOKMARK [1][-]{section.14}{\376\377\0001\000.\0001\000\040\000I\000n\000t\000r\000o\000d\000u\000c\000t\000i\000o\000n}{chapter.13}% 9
\BOOKMARK [1][-]{section.15}{\376\377\0001\000.\0002\000\040\000M\000o\000t\000i\000v\000a\000t\000i\000o\000n}{chapter.13}% 10
\BOOKMARK [1][-]{section.16}{\376\377\0001\000.\0003\000\040\000R\000a\000t\000i\000o\000n\000a\000l\000e\000\040\000o\000f\000\040\000t\000h\000e\000\040\000S\000t\000u\000d\000y}{chapter.13}% 11
\BOOKMARK [1][-]{section.17}{\376\377\0001\000.\0004\000\040\000R\000e\000s\000e\000a\000r\000c\000h\000\040\000Q\000u\000e\000s\000t\000i\000o\000n\000s}{chapter.13}% 12
\BOOKMARK [1][-]{section.18}{\376\377\0001\000.\0005\000\040\000E\000x\000p\000e\000c\000t\000e\000d\000\040\000O\000u\000t\000p\000u\000t}{chapter.13}% 13
\BOOKMARK [1][-]{section.19}{\376\377\0001\000.\0006\000\040\000R\000e\000p\000o\000r\000t\000\040\000L\000a\000y\000o\000u\000t}{chapter.13}% 14
\BOOKMARK [0][-]{chapter.20}{\376\377\0002\000\040\000B\000a\000c\000k\000g\000r\000o\000u\000n\000d}{}% 15
\BOOKMARK [1][-]{section.21}{\376\377\0002\000.\0001\000\040\000I\000n\000t\000r\000o\000d\000u\000c\000t\000i\000o\000n}{chapter.20}% 16
\BOOKMARK [1][-]{section.22}{\376\377\0002\000.\0002\000\040\000R\000e\000l\000a\000t\000e\000d\000\040\000W\000o\000r\000k\000s}{chapter.20}% 17
\BOOKMARK [1][-]{section.23}{\376\377\0002\000.\0003\000\040\000R\000e\000s\000e\000a\000r\000c\000h\000\040\000S\000u\000m\000m\000a\000r\000y}{chapter.20}% 18
\BOOKMARK [1][-]{section.25}{\376\377\0002\000.\0004\000\040\000S\000c\000o\000p\000e\000\040\000o\000f\000\040\000t\000h\000e\000\040\000P\000r\000o\000b\000l\000e\000m}{chapter.20}% 19
\BOOKMARK [1][-]{section.26}{\376\377\0002\000.\0005\000\040\000C\000h\000a\000l\000l\000e\000n\000g\000e\000s}{chapter.20}% 20
\BOOKMARK [0][-]{chapter.27}{\376\377\0003\000\040\000R\000e\000s\000e\000a\000r\000c\000h\000\040\000M\000e\000t\000h\000o\000d\000o\000l\000o\000g\000y}{}% 21
\BOOKMARK [1][-]{section.28}{\376\377\0003\000.\0001\000\040\000I\000n\000t\000r\000o\000d\000u\000c\000t\000i\000o\000n}{chapter.27}% 22
\BOOKMARK [1][-]{section.31}{\376\377\0003\000.\0002\000\040\000R\000e\000s\000e\000a\000r\000c\000h\000\040\000S\000u\000b\000j\000e\000c\000t\000\040\000a\000n\000d\000\040\000I\000n\000s\000t\000r\000u\000m\000e\000n\000t\000a\000t\000i\000o\000n}{chapter.27}% 23
\BOOKMARK [2][-]{subsection.32}{\376\377\0003\000.\0002\000.\0001\000\040\000S\000U\000M\000O}{section.31}% 24
\BOOKMARK [2][-]{subsection.33}{\376\377\0003\000.\0002\000.\0002\000\040\000N\000S\0002}{section.31}% 25
\BOOKMARK [2][-]{subsection.34}{\376\377\0003\000.\0002\000.\0003\000\040\000T\000r\000a\000c\000e\000g\000r\000a\000p\000h}{section.31}% 26
\BOOKMARK [1][-]{section.35}{\376\377\0003\000.\0003\000\040\000D\000a\000t\000a\000\040\000C\000o\000l\000l\000e\000c\000t\000i\000o\000n\000\040\000P\000r\000o\000c\000e\000d\000u\000r\000e}{chapter.27}% 27
\BOOKMARK [1][-]{section.37}{\376\377\0003\000.\0004\000\040\000I\000m\000p\000l\000e\000m\000e\000n\000t\000a\000t\000i\000o\000n\000\040\000R\000e\000q\000u\000i\000r\000e\000m\000e\000n\000t\000s}{chapter.27}% 28
\BOOKMARK [0][-]{chapter.38}{\376\377\0004\000\040\000E\000x\000p\000e\000r\000i\000m\000e\000n\000t\000a\000l\000\040\000R\000e\000s\000u\000l\000t\000s\000\040\000a\000n\000d\000\040\000D\000i\000s\000c\000u\000s\000s\000i\000o\000n}{}% 29
\BOOKMARK [1][-]{section.39}{\376\377\0004\000.\0001\000\040\000I\000n\000t\000r\000o\000d\000u\000c\000t\000i\000o\000n}{chapter.38}% 30
\BOOKMARK [1][-]{section.42}{\376\377\0004\000.\0002\000\040\000E\000x\000p\000e\000r\000i\000m\000e\000n\000t\000a\000l\000\040\000R\000e\000s\000u\000l\000t\000s}{chapter.38}% 31
\BOOKMARK [2][-]{subsection.43}{\376\377\0004\000.\0002\000.\0001\000\040\000C\000u\000m\000u\000l\000a\000t\000i\000v\000e\000\040\000S\000u\000m}{section.42}% 32
\BOOKMARK [2][-]{subsection.46}{\376\377\0004\000.\0002\000.\0002\000\040\000T\000h\000r\000o\000u\000g\000h\000p\000u\000t}{section.42}% 33
\BOOKMARK [2][-]{subsection.49}{\376\377\0004\000.\0002\000.\0003\000\040\000J\000i\000t\000t\000e\000r}{section.42}% 34
\BOOKMARK [1][-]{section.52}{\376\377\0004\000.\0003\000\040\000D\000e\000s\000c\000r\000i\000p\000t\000i\000v\000e\000\040\000A\000n\000a\000l\000y\000s\000i\000s}{chapter.38}% 35
\BOOKMARK [1][-]{section.53}{\376\377\0004\000.\0004\000\040\000S\000u\000m\000m\000a\000r\000y}{chapter.38}% 36
\BOOKMARK [0][-]{chapter.54}{\376\377\0005\000\040\000C\000o\000n\000c\000l\000u\000s\000i\000o\000n\000\040\000a\000n\000d\000\040\000I\000m\000p\000l\000i\000c\000a\000t\000i\000o\000n\000\040\000f\000o\000r\000\040\000F\000u\000t\000u\000r\000e}{}% 37
\BOOKMARK [1][-]{section.55}{\376\377\0005\000.\0001\000\040\000S\000u\000m\000m\000a\000r\000y\000\040\000o\000f\000\040\000t\000h\000e\000\040\000S\000t\000u\000d\000y}{chapter.54}% 38
\BOOKMARK [1][-]{section.56}{\376\377\0005\000.\0002\000\040\000C\000o\000n\000c\000l\000u\000s\000i\000o\000n\000s}{chapter.54}% 39
\BOOKMARK [1][-]{section.57}{\376\377\0005\000.\0003\000\040\000R\000e\000c\000o\000m\000m\000e\000n\000d\000a\000t\000i\000o\000n\000s}{chapter.54}% 40
\BOOKMARK [1][-]{section.58}{\376\377\0005\000.\0004\000\040\000I\000m\000p\000l\000i\000c\000a\000t\000i\000o\000n\000\040\000f\000o\000r\000\040\000F\000u\000r\000t\000h\000e\000r\000\040\000S\000t\000u\000d\000y}{chapter.54}% 41
\BOOKMARK [0][-]{dummy.59}{\376\377\000R\000e\000f\000e\000r\000e\000n\000c\000e\000s}{}% 42
\BOOKMARK [0][-]{appendix*.61}{\376\377\000A\000p\000p\000e\000n\000d\000i\000c\000e\000s}{}% 43
\BOOKMARK [1][-]{section.62}{\376\377\000.\0001\000\040\000R\000e\000s\000e\000a\000r\000c\000h\000\040\000R\000e\000f\000l\000e\000c\000t\000i\000o\000n}{appendix*.61}% 44
\BOOKMARK [1][-]{section.63}{\376\377\000.\0002\000\040\000R\000e\000l\000a\000t\000e\000d\000\040\000I\000s\000s\000u\000e\000s}{appendix*.61}% 45
